
*** Running vivado
    with args -log RAT_wrapper.vds -m64 -product Vivado -mode batch -messageDb vivado.pb -notrace -source RAT_wrapper.tcl


****** Vivado v2018.2 (64-bit)
  **** SW Build 2258646 on Thu Jun 14 20:03:12 MDT 2018
  **** IP Build 2256618 on Thu Jun 14 22:10:49 MDT 2018
    ** Copyright 1986-2018 Xilinx, Inc. All Rights Reserved.

source RAT_wrapper.tcl -notrace
Command: synth_design -top RAT_wrapper -part xc7a35tcpg236-1
Starting synth_design
Attempting to get a license for feature 'Synthesis' and/or device 'xc7a35t'
INFO: [Common 17-349] Got license for feature 'Synthesis' and/or device 'xc7a35t'
INFO: Launching helper process for spawning children vivado processes
INFO: Helper process launched with PID 3548 
---------------------------------------------------------------------------------
Starting RTL Elaboration : Time (s): cpu = 00:00:02 ; elapsed = 00:00:03 . Memory (MB): peak = 357.785 ; gain = 98.961
---------------------------------------------------------------------------------
INFO: [Synth 8-638] synthesizing module 'RAT_wrapper' [C:/Users/cfro/Documents/CPE_233/RAT_8/RAT_8.srcs/sources_1/new/RAT_WRAPPER.vhd:27]
INFO: [Synth 8-3491] module 'RAT_MCU' declared at 'C:/Users/cfro/Documents/CPE_233/RAT_8/RAT_8.srcs/sources_1/imports/sources_1/new/RAT_MCU.vhd:34' bound to instance 'CPU' of component 'RAT_MCU' [C:/Users/cfro/Documents/CPE_233/RAT_8/RAT_8.srcs/sources_1/new/RAT_WRAPPER.vhd:94]
INFO: [Synth 8-638] synthesizing module 'RAT_MCU' [C:/Users/cfro/Documents/CPE_233/RAT_8/RAT_8.srcs/sources_1/imports/sources_1/new/RAT_MCU.vhd:44]
INFO: [Synth 8-3491] module 'Scratch_DIN_MUX' declared at 'C:/Users/cfro/Documents/CPE_233/RAT_8/RAT_8.srcs/sources_1/imports/new/Scratch_DIN_MUX.vhd:34' bound to instance 'SCR_DIN_MUX' of component 'Scratch_DIN_MUX' [C:/Users/cfro/Documents/CPE_233/RAT_8/RAT_8.srcs/sources_1/imports/sources_1/new/RAT_MCU.vhd:202]
INFO: [Synth 8-638] synthesizing module 'Scratch_DIN_MUX' [C:/Users/cfro/Documents/CPE_233/RAT_8/RAT_8.srcs/sources_1/imports/new/Scratch_DIN_MUX.vhd:41]
INFO: [Synth 8-256] done synthesizing module 'Scratch_DIN_MUX' (1#1) [C:/Users/cfro/Documents/CPE_233/RAT_8/RAT_8.srcs/sources_1/imports/new/Scratch_DIN_MUX.vhd:41]
INFO: [Synth 8-3491] module 'Scratch_ADDR_MUX' declared at 'C:/Users/cfro/Documents/CPE_233/RAT_8/RAT_8.srcs/sources_1/imports/new/Scratch_MUX.vhd:34' bound to instance 'SCR_ADDR_MUX' of component 'Scratch_ADDR_MUX' [C:/Users/cfro/Documents/CPE_233/RAT_8/RAT_8.srcs/sources_1/imports/sources_1/new/RAT_MCU.vhd:207]
INFO: [Synth 8-638] synthesizing module 'Scratch_ADDR_MUX' [C:/Users/cfro/Documents/CPE_233/RAT_8/RAT_8.srcs/sources_1/imports/new/Scratch_MUX.vhd:43]
INFO: [Synth 8-226] default block is never used [C:/Users/cfro/Documents/CPE_233/RAT_8/RAT_8.srcs/sources_1/imports/new/Scratch_MUX.vhd:48]
INFO: [Synth 8-256] done synthesizing module 'Scratch_ADDR_MUX' (2#1) [C:/Users/cfro/Documents/CPE_233/RAT_8/RAT_8.srcs/sources_1/imports/new/Scratch_MUX.vhd:43]
INFO: [Synth 8-3491] module 'Scratch_RAM' declared at 'C:/Users/cfro/Documents/CPE_233/RAT_8/RAT_8.srcs/sources_1/imports/new/Scratch_RAM.vhd:13' bound to instance 'SCR_RAM' of component 'Scratch_RAM' [C:/Users/cfro/Documents/CPE_233/RAT_8/RAT_8.srcs/sources_1/imports/sources_1/new/RAT_MCU.vhd:215]
INFO: [Synth 8-638] synthesizing module 'Scratch_RAM' [C:/Users/cfro/Documents/CPE_233/RAT_8/RAT_8.srcs/sources_1/imports/new/Scratch_RAM.vhd:21]
INFO: [Synth 8-256] done synthesizing module 'Scratch_RAM' (3#1) [C:/Users/cfro/Documents/CPE_233/RAT_8/RAT_8.srcs/sources_1/imports/new/Scratch_RAM.vhd:21]
INFO: [Synth 8-3491] module 'Stack_Pointer' declared at 'C:/Users/cfro/Documents/CPE_233/RAT_8/RAT_8.srcs/sources_1/imports/new/Stack_Pointer.vhd:34' bound to instance 'STK_POINTER' of component 'Stack_Pointer' [C:/Users/cfro/Documents/CPE_233/RAT_8/RAT_8.srcs/sources_1/imports/sources_1/new/RAT_MCU.vhd:222]
INFO: [Synth 8-638] synthesizing module 'Stack_Pointer' [C:/Users/cfro/Documents/CPE_233/RAT_8/RAT_8.srcs/sources_1/imports/new/Stack_Pointer.vhd:44]
INFO: [Synth 8-256] done synthesizing module 'Stack_Pointer' (4#1) [C:/Users/cfro/Documents/CPE_233/RAT_8/RAT_8.srcs/sources_1/imports/new/Stack_Pointer.vhd:44]
INFO: [Synth 8-3491] module 'ControlUnit' declared at 'C:/Users/cfro/Documents/CPE_233/RAT_8/RAT_8.srcs/sources_1/imports/sources_1/imports/cpe233/RAT5/ControlUnit/ControlUnit.srcs/sources_1/new/ControlUnit.vhd:34' bound to instance 'CONTU' of component 'ControlUnit' [C:/Users/cfro/Documents/CPE_233/RAT_8/RAT_8.srcs/sources_1/imports/sources_1/new/RAT_MCU.vhd:231]
INFO: [Synth 8-638] synthesizing module 'ControlUnit' [C:/Users/cfro/Documents/CPE_233/RAT_8/RAT_8.srcs/sources_1/imports/sources_1/imports/cpe233/RAT5/ControlUnit/ControlUnit.srcs/sources_1/new/ControlUnit.vhd:67]
INFO: [Synth 8-226] default block is never used [C:/Users/cfro/Documents/CPE_233/RAT_8/RAT_8.srcs/sources_1/imports/sources_1/imports/cpe233/RAT5/ControlUnit/ControlUnit.srcs/sources_1/new/ControlUnit.vhd:112]
INFO: [Synth 8-256] done synthesizing module 'ControlUnit' (5#1) [C:/Users/cfro/Documents/CPE_233/RAT_8/RAT_8.srcs/sources_1/imports/sources_1/imports/cpe233/RAT5/ControlUnit/ControlUnit.srcs/sources_1/new/ControlUnit.vhd:67]
INFO: [Synth 8-3491] module 'PC_and_MUX' declared at 'C:/Users/cfro/Documents/CPE_233/RAT_8/RAT_8.srcs/sources_1/imports/sources_1/new/PC_and_MUX.vhd:13' bound to instance 'PROGC' of component 'PC_and_MUX' [C:/Users/cfro/Documents/CPE_233/RAT_8/RAT_8.srcs/sources_1/imports/sources_1/new/RAT_MCU.vhd:262]
INFO: [Synth 8-638] synthesizing module 'PC_and_MUX' [C:/Users/cfro/Documents/CPE_233/RAT_8/RAT_8.srcs/sources_1/imports/sources_1/new/PC_and_MUX.vhd:28]
INFO: [Synth 8-3491] module 'PC' declared at 'C:/Users/cfro/Documents/CPE_233/RAT_8/RAT_8.srcs/sources_1/imports/sources_1/imports/cpe233/RAT2/RAT2/RAT2.srcs/sources_1/new/PC.vhd:13' bound to instance 'pc1' of component 'PC' [C:/Users/cfro/Documents/CPE_233/RAT_8/RAT_8.srcs/sources_1/imports/sources_1/new/PC_and_MUX.vhd:50]
INFO: [Synth 8-638] synthesizing module 'PC' [C:/Users/cfro/Documents/CPE_233/RAT_8/RAT_8.srcs/sources_1/imports/sources_1/imports/cpe233/RAT2/RAT2/RAT2.srcs/sources_1/new/PC.vhd:22]
INFO: [Synth 8-256] done synthesizing module 'PC' (6#1) [C:/Users/cfro/Documents/CPE_233/RAT_8/RAT_8.srcs/sources_1/imports/sources_1/imports/cpe233/RAT2/RAT2/RAT2.srcs/sources_1/new/PC.vhd:22]
INFO: [Synth 8-3491] module 'MUX24' declared at 'C:/Users/cfro/Documents/CPE_233/RAT_8/RAT_8.srcs/sources_1/imports/sources_1/imports/cpe233/RAT2/RAT2/RAT2.srcs/sources_1/new/MUX24.vhd:34' bound to instance 'mux1' of component 'MUX24' [C:/Users/cfro/Documents/CPE_233/RAT_8/RAT_8.srcs/sources_1/imports/sources_1/new/PC_and_MUX.vhd:57]
INFO: [Synth 8-638] synthesizing module 'MUX24' [C:/Users/cfro/Documents/CPE_233/RAT_8/RAT_8.srcs/sources_1/imports/sources_1/imports/cpe233/RAT2/RAT2/RAT2.srcs/sources_1/new/MUX24.vhd:43]
INFO: [Synth 8-226] default block is never used [C:/Users/cfro/Documents/CPE_233/RAT_8/RAT_8.srcs/sources_1/imports/sources_1/imports/cpe233/RAT2/RAT2/RAT2.srcs/sources_1/new/MUX24.vhd:48]
INFO: [Synth 8-256] done synthesizing module 'MUX24' (7#1) [C:/Users/cfro/Documents/CPE_233/RAT_8/RAT_8.srcs/sources_1/imports/sources_1/imports/cpe233/RAT2/RAT2/RAT2.srcs/sources_1/new/MUX24.vhd:43]
INFO: [Synth 8-256] done synthesizing module 'PC_and_MUX' (8#1) [C:/Users/cfro/Documents/CPE_233/RAT_8/RAT_8.srcs/sources_1/imports/sources_1/new/PC_and_MUX.vhd:28]
INFO: [Synth 8-3491] module 'prog_rom' declared at 'C:/Users/cfro/Documents/CPE_233/prog_rom.vhd:21' bound to instance 'PROGR' of component 'PROG_ROM' [C:/Users/cfro/Documents/CPE_233/RAT_8/RAT_8.srcs/sources_1/imports/sources_1/new/RAT_MCU.vhd:273]
INFO: [Synth 8-638] synthesizing module 'prog_rom' [C:/Users/cfro/Documents/CPE_233/prog_rom.vhd:29]
	Parameter INIT bound to: 20'b00000000000000000000 
	Parameter INITP_00 bound to: 256'b0000000000000000000000000000000000000000000000000000000000000000000000000000000000000000000000000000000000000000000000011111110100111110000010001000101110111000001000100011111111111110111011100000111110010011001111110111111100000000000000000000000000000000 
	Parameter INITP_01 bound to: 256'b0000000000000000000000000000000000000000000000000000000000000000000000000000000000000000000000000000000000000000000000000000000000000000000000000000000000000000000000000000000000000000000000000000000000000000000000000000000000000000000000000000000000000000 
	Parameter INITP_02 bound to: 256'b0000000000000000000000000000000000000000000000000000000000000000000000000000000000000000000000000000000000000000000000000000000000000000000000000000000000000000000000000000000000000000000000000000000000000000000000000000000000000000000000000000000000000000 
	Parameter INITP_03 bound to: 256'b0000000000000000000000000000000000000000000000000000000000000000000000000000000000000000000000000000000000000000000000000000000000000000000000000000000000000000000000000000000000000000000000000000000000000000000000000000000000000000000000000000000000000000 
	Parameter INITP_04 bound to: 256'b0000000000000000000000000000000000000000000000000000000000000000000000000000000000000000000000000000000000000000000000000000000000000000000000000000000000000000000000000000000000000000000000000000000000000000000000000000000000000000000000000000000000000000 
	Parameter INITP_05 bound to: 256'b0000000000000000000000000000000000000000000000000000000000000000000000000000000000000000000000000000000000000000000000000000000000000000000000000000000000000000000000000000000000000000000000000000000000000000000000000000000000000000000000000000000000000000 
	Parameter INITP_06 bound to: 256'b0000000000000000000000000000000000000000000000000000000000000000000000000000000000000000000000000000000000000000000000000000000000000000000000000000000000000000000000000000000000000000000000000000000000000000000000000000000000000000000000000000000000000000 
	Parameter INITP_07 bound to: 256'b0000000000000000000000000000000000000000000000000000000000000000000000000000000000000000000000000000000000000000000000000000000000000000000000000000000000000000000000000000000000000000000000000000000000000000000000000000000000000000000000000000000000000000 
	Parameter INIT_00 bound to: 256'b0000000000000000000000000000000000000000000000000000000000000000000000000000000000000000000000000000000000000000000000000000000000000000000000000000000000000000000000000000000000000000000000000000000000000000000000000000000000000000000000000000000000000000 
	Parameter INIT_01 bound to: 256'b1000000010011000100000011000100001101011111111110100001101000000000000110111111110100000000000011000001000101010000000101111111110000001000000000110101111111111010000110100000001100011100000001010000000000000010000011000000101100010000000000110000100000000 
	Parameter INIT_02 bound to: 256'b1000000100000011001010110000000010000001000100110010110000000000100000010010001101111111111111110111111111111111011111111111111101111111111111110111111111111111011111111111111111001101000000010110110111111111110011000000000101101100111111111100101100000001 
	Parameter INIT_03 bound to: 256'b1000001000001010000000010001010001000001100000011000000100000001100000001001100010000001100010110010101100000000100000011001101100101100000000001000000110101011110011010000000101101101111111111100110000000001011011001111111111001011000000011000000011000000 
	Parameter INIT_04 bound to: 256'b0000000000000000000000000000000000000000000000000000000000000000000000000000000000000000000000000000000000000000000000000000000000000000000000000000000000000000100000100010100010100000000000100110001011111111010000110100000001100011000000011010000000000011 
	Parameter INIT_05 bound to: 256'b0000000000000000000000000000000000000000000000000000000000000000000000000000000000000000000000000000000000000000000000000000000000000000000000000000000000000000000000000000000000000000000000000000000000000000000000000000000000000000000000000000000000000000 
	Parameter INIT_06 bound to: 256'b0000000000000000000000000000000000000000000000000000000000000000000000000000000000000000000000000000000000000000000000000000000000000000000000000000000000000000000000000000000000000000000000000000000000000000000000000000000000000000000000000000000000000000 
	Parameter INIT_07 bound to: 256'b0000000000000000000000000000000000000000000000000000000000000000000000000000000000000000000000000000000000000000000000000000000000000000000000000000000000000000000000000000000000000000000000000000000000000000000000000000000000000000000000000000000000000000 
	Parameter INIT_08 bound to: 256'b0000000000000000000000000000000000000000000000000000000000000000000000000000000000000000000000000000000000000000000000000000000000000000000000000000000000000000000000000000000000000000000000000000000000000000000000000000000000000000000000000000000000000000 
	Parameter INIT_09 bound to: 256'b0000000000000000000000000000000000000000000000000000000000000000000000000000000000000000000000000000000000000000000000000000000000000000000000000000000000000000000000000000000000000000000000000000000000000000000000000000000000000000000000000000000000000000 
	Parameter INIT_0A bound to: 256'b0000000000000000000000000000000000000000000000000000000000000000000000000000000000000000000000000000000000000000000000000000000000000000000000000000000000000000000000000000000000000000000000000000000000000000000000000000000000000000000000000000000000000000 
	Parameter INIT_0B bound to: 256'b0000000000000000000000000000000000000000000000000000000000000000000000000000000000000000000000000000000000000000000000000000000000000000000000000000000000000000000000000000000000000000000000000000000000000000000000000000000000000000000000000000000000000000 
	Parameter INIT_0C bound to: 256'b0000000000000000000000000000000000000000000000000000000000000000000000000000000000000000000000000000000000000000000000000000000000000000000000000000000000000000000000000000000000000000000000000000000000000000000000000000000000000000000000000000000000000000 
	Parameter INIT_0D bound to: 256'b0000000000000000000000000000000000000000000000000000000000000000000000000000000000000000000000000000000000000000000000000000000000000000000000000000000000000000000000000000000000000000000000000000000000000000000000000000000000000000000000000000000000000000 
	Parameter INIT_0E bound to: 256'b0000000000000000000000000000000000000000000000000000000000000000000000000000000000000000000000000000000000000000000000000000000000000000000000000000000000000000000000000000000000000000000000000000000000000000000000000000000000000000000000000000000000000000 
	Parameter INIT_0F bound to: 256'b0000000000000000000000000000000000000000000000000000000000000000000000000000000000000000000000000000000000000000000000000000000000000000000000000000000000000000000000000000000000000000000000000000000000000000000000000000000000000000000000000000000000000000 
	Parameter INIT_10 bound to: 256'b0000000000000000000000000000000000000000000000000000000000000000000000000000000000000000000000000000000000000000000000000000000000000000000000000000000000000000000000000000000000000000000000000000000000000000000000000000000000000000000000000000000000000000 
	Parameter INIT_11 bound to: 256'b0000000000000000000000000000000000000000000000000000000000000000000000000000000000000000000000000000000000000000000000000000000000000000000000000000000000000000000000000000000000000000000000000000000000000000000000000000000000000000000000000000000000000000 
	Parameter INIT_12 bound to: 256'b0000000000000000000000000000000000000000000000000000000000000000000000000000000000000000000000000000000000000000000000000000000000000000000000000000000000000000000000000000000000000000000000000000000000000000000000000000000000000000000000000000000000000000 
	Parameter INIT_13 bound to: 256'b0000000000000000000000000000000000000000000000000000000000000000000000000000000000000000000000000000000000000000000000000000000000000000000000000000000000000000000000000000000000000000000000000000000000000000000000000000000000000000000000000000000000000000 
	Parameter INIT_14 bound to: 256'b0000000000000000000000000000000000000000000000000000000000000000000000000000000000000000000000000000000000000000000000000000000000000000000000000000000000000000000000000000000000000000000000000000000000000000000000000000000000000000000000000000000000000000 
	Parameter INIT_15 bound to: 256'b0000000000000000000000000000000000000000000000000000000000000000000000000000000000000000000000000000000000000000000000000000000000000000000000000000000000000000000000000000000000000000000000000000000000000000000000000000000000000000000000000000000000000000 
	Parameter INIT_16 bound to: 256'b0000000000000000000000000000000000000000000000000000000000000000000000000000000000000000000000000000000000000000000000000000000000000000000000000000000000000000000000000000000000000000000000000000000000000000000000000000000000000000000000000000000000000000 
	Parameter INIT_17 bound to: 256'b0000000000000000000000000000000000000000000000000000000000000000000000000000000000000000000000000000000000000000000000000000000000000000000000000000000000000000000000000000000000000000000000000000000000000000000000000000000000000000000000000000000000000000 
	Parameter INIT_18 bound to: 256'b0000000000000000000000000000000000000000000000000000000000000000000000000000000000000000000000000000000000000000000000000000000000000000000000000000000000000000000000000000000000000000000000000000000000000000000000000000000000000000000000000000000000000000 
	Parameter INIT_19 bound to: 256'b0000000000000000000000000000000000000000000000000000000000000000000000000000000000000000000000000000000000000000000000000000000000000000000000000000000000000000000000000000000000000000000000000000000000000000000000000000000000000000000000000000000000000000 
	Parameter INIT_1A bound to: 256'b0000000000000000000000000000000000000000000000000000000000000000000000000000000000000000000000000000000000000000000000000000000000000000000000000000000000000000000000000000000000000000000000000000000000000000000000000000000000000000000000000000000000000000 
	Parameter INIT_1B bound to: 256'b0000000000000000000000000000000000000000000000000000000000000000000000000000000000000000000000000000000000000000000000000000000000000000000000000000000000000000000000000000000000000000000000000000000000000000000000000000000000000000000000000000000000000000 
	Parameter INIT_1C bound to: 256'b0000000000000000000000000000000000000000000000000000000000000000000000000000000000000000000000000000000000000000000000000000000000000000000000000000000000000000000000000000000000000000000000000000000000000000000000000000000000000000000000000000000000000000 
	Parameter INIT_1D bound to: 256'b0000000000000000000000000000000000000000000000000000000000000000000000000000000000000000000000000000000000000000000000000000000000000000000000000000000000000000000000000000000000000000000000000000000000000000000000000000000000000000000000000000000000000000 
	Parameter INIT_1E bound to: 256'b0000000000000000000000000000000000000000000000000000000000000000000000000000000000000000000000000000000000000000000000000000000000000000000000000000000000000000000000000000000000000000000000000000000000000000000000000000000000000000000000000000000000000000 
	Parameter INIT_1F bound to: 256'b0000000000000000000000000000000000000000000000000000000000000000000000000000000000000000000000000000000000000000000000000000000000000000000000000000000000000000000000000000000000000000000000000000000000000000000000000000000000000000000000000000000000000000 
	Parameter INIT_20 bound to: 256'b0000000000000000000000000000000000000000000000000000000000000000000000000000000000000000000000000000000000000000000000000000000000000000000000000000000000000000000000000000000000000000000000000000000000000000000000000000000000000000000000000000000000000000 
	Parameter INIT_21 bound to: 256'b0000000000000000000000000000000000000000000000000000000000000000000000000000000000000000000000000000000000000000000000000000000000000000000000000000000000000000000000000000000000000000000000000000000000000000000000000000000000000000000000000000000000000000 
	Parameter INIT_22 bound to: 256'b0000000000000000000000000000000000000000000000000000000000000000000000000000000000000000000000000000000000000000000000000000000000000000000000000000000000000000000000000000000000000000000000000000000000000000000000000000000000000000000000000000000000000000 
	Parameter INIT_23 bound to: 256'b0000000000000000000000000000000000000000000000000000000000000000000000000000000000000000000000000000000000000000000000000000000000000000000000000000000000000000000000000000000000000000000000000000000000000000000000000000000000000000000000000000000000000000 
	Parameter INIT_24 bound to: 256'b0000000000000000000000000000000000000000000000000000000000000000000000000000000000000000000000000000000000000000000000000000000000000000000000000000000000000000000000000000000000000000000000000000000000000000000000000000000000000000000000000000000000000000 
	Parameter INIT_25 bound to: 256'b0000000000000000000000000000000000000000000000000000000000000000000000000000000000000000000000000000000000000000000000000000000000000000000000000000000000000000000000000000000000000000000000000000000000000000000000000000000000000000000000000000000000000000 
	Parameter INIT_26 bound to: 256'b0000000000000000000000000000000000000000000000000000000000000000000000000000000000000000000000000000000000000000000000000000000000000000000000000000000000000000000000000000000000000000000000000000000000000000000000000000000000000000000000000000000000000000 
	Parameter INIT_27 bound to: 256'b0000000000000000000000000000000000000000000000000000000000000000000000000000000000000000000000000000000000000000000000000000000000000000000000000000000000000000000000000000000000000000000000000000000000000000000000000000000000000000000000000000000000000000 
	Parameter INIT_28 bound to: 256'b0000000000000000000000000000000000000000000000000000000000000000000000000000000000000000000000000000000000000000000000000000000000000000000000000000000000000000000000000000000000000000000000000000000000000000000000000000000000000000000000000000000000000000 
	Parameter INIT_29 bound to: 256'b0000000000000000000000000000000000000000000000000000000000000000000000000000000000000000000000000000000000000000000000000000000000000000000000000000000000000000000000000000000000000000000000000000000000000000000000000000000000000000000000000000000000000000 
	Parameter INIT_2A bound to: 256'b0000000000000000000000000000000000000000000000000000000000000000000000000000000000000000000000000000000000000000000000000000000000000000000000000000000000000000000000000000000000000000000000000000000000000000000000000000000000000000000000000000000000000000 
	Parameter INIT_2B bound to: 256'b0000000000000000000000000000000000000000000000000000000000000000000000000000000000000000000000000000000000000000000000000000000000000000000000000000000000000000000000000000000000000000000000000000000000000000000000000000000000000000000000000000000000000000 
	Parameter INIT_2C bound to: 256'b0000000000000000000000000000000000000000000000000000000000000000000000000000000000000000000000000000000000000000000000000000000000000000000000000000000000000000000000000000000000000000000000000000000000000000000000000000000000000000000000000000000000000000 
	Parameter INIT_2D bound to: 256'b0000000000000000000000000000000000000000000000000000000000000000000000000000000000000000000000000000000000000000000000000000000000000000000000000000000000000000000000000000000000000000000000000000000000000000000000000000000000000000000000000000000000000000 
	Parameter INIT_2E bound to: 256'b0000000000000000000000000000000000000000000000000000000000000000000000000000000000000000000000000000000000000000000000000000000000000000000000000000000000000000000000000000000000000000000000000000000000000000000000000000000000000000000000000000000000000000 
	Parameter INIT_2F bound to: 256'b0000000000000000000000000000000000000000000000000000000000000000000000000000000000000000000000000000000000000000000000000000000000000000000000000000000000000000000000000000000000000000000000000000000000000000000000000000000000000000000000000000000000000000 
	Parameter INIT_30 bound to: 256'b0000000000000000000000000000000000000000000000000000000000000000000000000000000000000000000000000000000000000000000000000000000000000000000000000000000000000000000000000000000000000000000000000000000000000000000000000000000000000000000000000000000000000000 
	Parameter INIT_31 bound to: 256'b0000000000000000000000000000000000000000000000000000000000000000000000000000000000000000000000000000000000000000000000000000000000000000000000000000000000000000000000000000000000000000000000000000000000000000000000000000000000000000000000000000000000000000 
	Parameter INIT_32 bound to: 256'b0000000000000000000000000000000000000000000000000000000000000000000000000000000000000000000000000000000000000000000000000000000000000000000000000000000000000000000000000000000000000000000000000000000000000000000000000000000000000000000000000000000000000000 
	Parameter INIT_33 bound to: 256'b0000000000000000000000000000000000000000000000000000000000000000000000000000000000000000000000000000000000000000000000000000000000000000000000000000000000000000000000000000000000000000000000000000000000000000000000000000000000000000000000000000000000000000 
	Parameter INIT_34 bound to: 256'b0000000000000000000000000000000000000000000000000000000000000000000000000000000000000000000000000000000000000000000000000000000000000000000000000000000000000000000000000000000000000000000000000000000000000000000000000000000000000000000000000000000000000000 
	Parameter INIT_35 bound to: 256'b0000000000000000000000000000000000000000000000000000000000000000000000000000000000000000000000000000000000000000000000000000000000000000000000000000000000000000000000000000000000000000000000000000000000000000000000000000000000000000000000000000000000000000 
	Parameter INIT_36 bound to: 256'b0000000000000000000000000000000000000000000000000000000000000000000000000000000000000000000000000000000000000000000000000000000000000000000000000000000000000000000000000000000000000000000000000000000000000000000000000000000000000000000000000000000000000000 
	Parameter INIT_37 bound to: 256'b0000000000000000000000000000000000000000000000000000000000000000000000000000000000000000000000000000000000000000000000000000000000000000000000000000000000000000000000000000000000000000000000000000000000000000000000000000000000000000000000000000000000000000 
	Parameter INIT_38 bound to: 256'b0000000000000000000000000000000000000000000000000000000000000000000000000000000000000000000000000000000000000000000000000000000000000000000000000000000000000000000000000000000000000000000000000000000000000000000000000000000000000000000000000000000000000000 
	Parameter INIT_39 bound to: 256'b0000000000000000000000000000000000000000000000000000000000000000000000000000000000000000000000000000000000000000000000000000000000000000000000000000000000000000000000000000000000000000000000000000000000000000000000000000000000000000000000000000000000000000 
	Parameter INIT_3A bound to: 256'b0000000000000000000000000000000000000000000000000000000000000000000000000000000000000000000000000000000000000000000000000000000000000000000000000000000000000000000000000000000000000000000000000000000000000000000000000000000000000000000000000000000000000000 
	Parameter INIT_3B bound to: 256'b0000000000000000000000000000000000000000000000000000000000000000000000000000000000000000000000000000000000000000000000000000000000000000000000000000000000000000000000000000000000000000000000000000000000000000000000000000000000000000000000000000000000000000 
	Parameter INIT_3C bound to: 256'b0000000000000000000000000000000000000000000000000000000000000000000000000000000000000000000000000000000000000000000000000000000000000000000000000000000000000000000000000000000000000000000000000000000000000000000000000000000000000000000000000000000000000000 
	Parameter INIT_3D bound to: 256'b0000000000000000000000000000000000000000000000000000000000000000000000000000000000000000000000000000000000000000000000000000000000000000000000000000000000000000000000000000000000000000000000000000000000000000000000000000000000000000000000000000000000000000 
	Parameter INIT_3E bound to: 256'b0000000000000000000000000000000000000000000000000000000000000000000000000000000000000000000000000000000000000000000000000000000000000000000000000000000000000000000000000000000000000000000000000000000000000000000000000000000000000000000000000000000000000000 
	Parameter INIT_3F bound to: 256'b1000000111100000000000000000000000000000000000000000000000000000000000000000000000000000000000000000000000000000000000000000000000000000000000000000000000000000000000000000000000000000000000000000000000000000000000000000000000000000000000000000000000000000 
	Parameter SRVAL bound to: 20'b00000000000000000000 
	Parameter WRITE_MODE bound to: WRITE_FIRST - type: string 
INFO: [Synth 8-113] binding component instance 'ram_1024_x_18' to cell 'RAMB16_S18' [C:/Users/cfro/Documents/CPE_233/prog_rom.vhd:194]
INFO: [Synth 8-256] done synthesizing module 'prog_rom' (9#1) [C:/Users/cfro/Documents/CPE_233/prog_rom.vhd:29]
INFO: [Synth 8-3491] module 'Register_File' declared at 'C:/Users/cfro/Documents/CPE_233/RAT_8/RAT_8.srcs/sources_1/imports/sources_1/new/Register_File.vhd:13' bound to instance 'REG' of component 'Register_File' [C:/Users/cfro/Documents/CPE_233/RAT_8/RAT_8.srcs/sources_1/imports/sources_1/new/RAT_MCU.vhd:277]
INFO: [Synth 8-638] synthesizing module 'Register_File' [C:/Users/cfro/Documents/CPE_233/RAT_8/RAT_8.srcs/sources_1/imports/sources_1/new/Register_File.vhd:23]
INFO: [Synth 8-256] done synthesizing module 'Register_File' (10#1) [C:/Users/cfro/Documents/CPE_233/RAT_8/RAT_8.srcs/sources_1/imports/sources_1/new/Register_File.vhd:23]
INFO: [Synth 8-3491] module 'flags' declared at 'C:/Users/cfro/Documents/CPE_233/flags.vhd:34' bound to instance 'FLAG' of component 'flags' [C:/Users/cfro/Documents/CPE_233/RAT_8/RAT_8.srcs/sources_1/imports/sources_1/new/RAT_MCU.vhd:285]
INFO: [Synth 8-638] synthesizing module 'flags' [C:/Users/cfro/Documents/CPE_233/flags.vhd:48]
INFO: [Synth 8-256] done synthesizing module 'flags' (11#1) [C:/Users/cfro/Documents/CPE_233/flags.vhd:48]
INFO: [Synth 8-3491] module 'ALU' declared at 'C:/Users/cfro/Documents/CPE_233/RAT_8/RAT_8.srcs/sources_1/imports/sources_1/imports/cpe233/ALU_1/ALU_1.srcs/sources_1/imports/new/ALU.vhd:15' bound to instance 'ALOU' of component 'ALU' [C:/Users/cfro/Documents/CPE_233/RAT_8/RAT_8.srcs/sources_1/imports/sources_1/new/RAT_MCU.vhd:297]
INFO: [Synth 8-638] synthesizing module 'ALU' [C:/Users/cfro/Documents/CPE_233/RAT_8/RAT_8.srcs/sources_1/imports/sources_1/imports/cpe233/ALU_1/ALU_1.srcs/sources_1/imports/new/ALU.vhd:25]
INFO: [Synth 8-256] done synthesizing module 'ALU' (12#1) [C:/Users/cfro/Documents/CPE_233/RAT_8/RAT_8.srcs/sources_1/imports/sources_1/imports/cpe233/ALU_1/ALU_1.srcs/sources_1/imports/new/ALU.vhd:25]
INFO: [Synth 8-3491] module 'REG_MUX' declared at 'C:/Users/cfro/Documents/CPE_233/RAT_8/RAT_8.srcs/sources_1/imports/sources_1/new/REG_MUX.vhd:34' bound to instance 'REG_MUX1' of component 'REG_MUX' [C:/Users/cfro/Documents/CPE_233/RAT_8/RAT_8.srcs/sources_1/imports/sources_1/new/RAT_MCU.vhd:305]
INFO: [Synth 8-638] synthesizing module 'REG_MUX' [C:/Users/cfro/Documents/CPE_233/RAT_8/RAT_8.srcs/sources_1/imports/sources_1/new/REG_MUX.vhd:43]
INFO: [Synth 8-226] default block is never used [C:/Users/cfro/Documents/CPE_233/RAT_8/RAT_8.srcs/sources_1/imports/sources_1/new/REG_MUX.vhd:48]
INFO: [Synth 8-256] done synthesizing module 'REG_MUX' (13#1) [C:/Users/cfro/Documents/CPE_233/RAT_8/RAT_8.srcs/sources_1/imports/sources_1/new/REG_MUX.vhd:43]
INFO: [Synth 8-3491] module 'ALU_MUX' declared at 'C:/Users/cfro/Documents/CPE_233/RAT_8/RAT_8.srcs/sources_1/imports/sources_1/new/ALU_MUX.vhd:34' bound to instance 'ALU_MUX1' of component 'ALU_MUX' [C:/Users/cfro/Documents/CPE_233/RAT_8/RAT_8.srcs/sources_1/imports/sources_1/new/RAT_MCU.vhd:313]
INFO: [Synth 8-638] synthesizing module 'ALU_MUX' [C:/Users/cfro/Documents/CPE_233/RAT_8/RAT_8.srcs/sources_1/imports/sources_1/new/ALU_MUX.vhd:41]
INFO: [Synth 8-226] default block is never used [C:/Users/cfro/Documents/CPE_233/RAT_8/RAT_8.srcs/sources_1/imports/sources_1/new/ALU_MUX.vhd:46]
INFO: [Synth 8-256] done synthesizing module 'ALU_MUX' (14#1) [C:/Users/cfro/Documents/CPE_233/RAT_8/RAT_8.srcs/sources_1/imports/sources_1/new/ALU_MUX.vhd:41]
INFO: [Synth 8-256] done synthesizing module 'RAT_MCU' (15#1) [C:/Users/cfro/Documents/CPE_233/RAT_8/RAT_8.srcs/sources_1/imports/sources_1/new/RAT_MCU.vhd:44]
INFO: [Synth 8-3491] module 'sseg_dec' declared at 'C:/Users/cfro/Documents/CPE_233/RAT_8/RAT_8.srcs/sources_1/imports/new/sseg_dec.vhd:22' bound to instance 'sseg' of component 'sseg_dec' [C:/Users/cfro/Documents/CPE_233/RAT_8/RAT_8.srcs/sources_1/new/RAT_WRAPPER.vhd:103]
INFO: [Synth 8-638] synthesizing module 'sseg_dec' [C:/Users/cfro/Documents/CPE_233/RAT_8/RAT_8.srcs/sources_1/imports/new/sseg_dec.vhd:32]
INFO: [Synth 8-3491] module 'bin2bcdconv' declared at 'C:/Users/cfro/Documents/CPE_233/RAT_8/RAT_8.srcs/sources_1/imports/new/sseg_dec.vhd:136' bound to instance 'my_conv' of component 'bin2bcdconv' [C:/Users/cfro/Documents/CPE_233/RAT_8/RAT_8.srcs/sources_1/imports/new/sseg_dec.vhd:56]
INFO: [Synth 8-638] synthesizing module 'bin2bcdconv' [C:/Users/cfro/Documents/CPE_233/RAT_8/RAT_8.srcs/sources_1/imports/new/sseg_dec.vhd:146]
INFO: [Synth 8-256] done synthesizing module 'bin2bcdconv' (16#1) [C:/Users/cfro/Documents/CPE_233/RAT_8/RAT_8.srcs/sources_1/imports/new/sseg_dec.vhd:146]
INFO: [Synth 8-3491] module 'clk_div' declared at 'C:/Users/cfro/Documents/CPE_233/RAT_8/RAT_8.srcs/sources_1/imports/new/sseg_dec.vhd:236' bound to instance 'my_clk' of component 'clk_div' [C:/Users/cfro/Documents/CPE_233/RAT_8/RAT_8.srcs/sources_1/imports/new/sseg_dec.vhd:62]
INFO: [Synth 8-638] synthesizing module 'clk_div' [C:/Users/cfro/Documents/CPE_233/RAT_8/RAT_8.srcs/sources_1/imports/new/sseg_dec.vhd:241]
INFO: [Synth 8-256] done synthesizing module 'clk_div' (17#1) [C:/Users/cfro/Documents/CPE_233/RAT_8/RAT_8.srcs/sources_1/imports/new/sseg_dec.vhd:241]
INFO: [Synth 8-226] default block is never used [C:/Users/cfro/Documents/CPE_233/RAT_8/RAT_8.srcs/sources_1/imports/new/sseg_dec.vhd:112]
INFO: [Synth 8-256] done synthesizing module 'sseg_dec' (18#1) [C:/Users/cfro/Documents/CPE_233/RAT_8/RAT_8.srcs/sources_1/imports/new/sseg_dec.vhd:32]
INFO: [Synth 8-3491] module 'db_1shot_FSM' declared at 'C:/Users/cfro/Documents/CPE_233/RAT_8/RAT_8.srcs/sources_1/imports/cpe233/debounce_one_shot_FSM.vhd:26' bound to instance 'db' of component 'db_1shot_FSM' [C:/Users/cfro/Documents/CPE_233/RAT_8/RAT_8.srcs/sources_1/new/RAT_WRAPPER.vhd:109]
INFO: [Synth 8-638] synthesizing module 'db_1shot_FSM' [C:/Users/cfro/Documents/CPE_233/RAT_8/RAT_8.srcs/sources_1/imports/cpe233/debounce_one_shot_FSM.vhd:32]
INFO: [Synth 8-3491] module 'counter' declared at 'C:/Users/cfro/Documents/CPE_233/RAT_8/RAT_8.srcs/sources_1/imports/Downloads/counter_for_one_shot.vhd:27' bound to instance 'bounce_counter' of component 'Counter' [C:/Users/cfro/Documents/CPE_233/RAT_8/RAT_8.srcs/sources_1/imports/cpe233/debounce_one_shot_FSM.vhd:60]
INFO: [Synth 8-638] synthesizing module 'counter' [C:/Users/cfro/Documents/CPE_233/RAT_8/RAT_8.srcs/sources_1/imports/Downloads/counter_for_one_shot.vhd:34]
INFO: [Synth 8-256] done synthesizing module 'counter' (19#1) [C:/Users/cfro/Documents/CPE_233/RAT_8/RAT_8.srcs/sources_1/imports/Downloads/counter_for_one_shot.vhd:34]
INFO: [Synth 8-256] done synthesizing module 'db_1shot_FSM' (20#1) [C:/Users/cfro/Documents/CPE_233/RAT_8/RAT_8.srcs/sources_1/imports/cpe233/debounce_one_shot_FSM.vhd:32]
INFO: [Synth 8-256] done synthesizing module 'RAT_wrapper' (21#1) [C:/Users/cfro/Documents/CPE_233/RAT_8/RAT_8.srcs/sources_1/new/RAT_WRAPPER.vhd:27]
---------------------------------------------------------------------------------
Finished RTL Elaboration : Time (s): cpu = 00:00:03 ; elapsed = 00:00:04 . Memory (MB): peak = 413.699 ; gain = 154.875
---------------------------------------------------------------------------------

Report Check Netlist: 
+------+------------------+-------+---------+-------+------------------+
|      |Item              |Errors |Warnings |Status |Description       |
+------+------------------+-------+---------+-------+------------------+
|1     |multi_driven_nets |      0|        0|Passed |Multi driven nets |
+------+------------------+-------+---------+-------+------------------+
---------------------------------------------------------------------------------
Start Handling Custom Attributes
---------------------------------------------------------------------------------
---------------------------------------------------------------------------------
Finished Handling Custom Attributes : Time (s): cpu = 00:00:03 ; elapsed = 00:00:04 . Memory (MB): peak = 413.699 ; gain = 154.875
---------------------------------------------------------------------------------
---------------------------------------------------------------------------------
Finished RTL Optimization Phase 1 : Time (s): cpu = 00:00:03 ; elapsed = 00:00:04 . Memory (MB): peak = 413.699 ; gain = 154.875
---------------------------------------------------------------------------------
INFO: [Netlist 29-17] Analyzing 1 Unisim elements for replacement
INFO: [Netlist 29-28] Unisim Transformation completed in 0 CPU seconds
INFO: [Device 21-403] Loading part xc7a35tcpg236-1
INFO: [Project 1-570] Preparing netlist for logic optimization

Processing XDC Constraints
Initializing timing engine
Parsing XDC File [C:/Users/cfro/Documents/CPE_233/RAT_8/RAT_8.srcs/constrs_1/imports/Downloads/Basys3_constraints.xdc]
Finished Parsing XDC File [C:/Users/cfro/Documents/CPE_233/RAT_8/RAT_8.srcs/constrs_1/imports/Downloads/Basys3_constraints.xdc]
INFO: [Project 1-236] Implementation specific constraints were found while reading constraint file [C:/Users/cfro/Documents/CPE_233/RAT_8/RAT_8.srcs/constrs_1/imports/Downloads/Basys3_constraints.xdc]. These constraints will be ignored for synthesis but will be used in implementation. Impacted constraints are listed in the file [.Xil/RAT_wrapper_propImpl.xdc].
Resolution: To avoid this warning, move constraints listed in [.Xil/RAT_wrapper_propImpl.xdc] to another XDC file and exclude this new file from synthesis with the used_in_synthesis property (File Properties dialog in GUI) and re-run elaboration/synthesis.
Completed Processing XDC Constraints

INFO: [Project 1-111] Unisim Transformation Summary:
  A total of 1 instances were transformed.
  RAMB16_S18 => RAMB18E1: 1 instances

Constraint Validation Runtime : Time (s): cpu = 00:00:00 ; elapsed = 00:00:00.003 . Memory (MB): peak = 751.250 ; gain = 0.000
---------------------------------------------------------------------------------
Finished Constraint Validation : Time (s): cpu = 00:00:12 ; elapsed = 00:00:15 . Memory (MB): peak = 751.250 ; gain = 492.426
---------------------------------------------------------------------------------
---------------------------------------------------------------------------------
Start Loading Part and Timing Information
---------------------------------------------------------------------------------
Loading part: xc7a35tcpg236-1
---------------------------------------------------------------------------------
Finished Loading Part and Timing Information : Time (s): cpu = 00:00:12 ; elapsed = 00:00:15 . Memory (MB): peak = 751.250 ; gain = 492.426
---------------------------------------------------------------------------------
---------------------------------------------------------------------------------
Start Applying 'set_property' XDC Constraints
---------------------------------------------------------------------------------
---------------------------------------------------------------------------------
Finished applying 'set_property' XDC Constraints : Time (s): cpu = 00:00:12 ; elapsed = 00:00:15 . Memory (MB): peak = 751.250 ; gain = 492.426
---------------------------------------------------------------------------------
INFO: [Synth 8-5818] HDL ADVISOR - The operator resource <adder> is shared. To prevent sharing consider applying a KEEP on the output of the operator [C:/Users/cfro/Documents/CPE_233/RAT_8/RAT_8.srcs/sources_1/imports/new/Stack_Pointer.vhd:51]
INFO: [Synth 8-5546] ROM "I_SET" won't be mapped to RAM because it is too sparse
INFO: [Synth 8-5546] ROM "I_CLR" won't be mapped to RAM because it is too sparse
INFO: [Synth 8-5546] ROM "PC_MUX_SEL" won't be mapped to RAM because it is too sparse
INFO: [Synth 8-5546] ROM "ALU_OPY_SEL" won't be mapped to RAM because it is too sparse
INFO: [Synth 8-5546] ROM "ALU_SEL" won't be mapped to RAM because it is too sparse
INFO: [Synth 8-5546] ROM "RF_WR_SEL" won't be mapped to RAM because it is too sparse
INFO: [Synth 8-5546] ROM "SP_LD" won't be mapped to RAM because it is too sparse
INFO: [Synth 8-5546] ROM "SP_INCR" won't be mapped to RAM because it is too sparse
INFO: [Synth 8-5546] ROM "SP_DECR" won't be mapped to RAM because it is too sparse
INFO: [Synth 8-5546] ROM "SCR_WE" won't be mapped to RAM because it is too sparse
INFO: [Synth 8-5546] ROM "SCR_ADDR_SEL" won't be mapped to RAM because it is too sparse
INFO: [Synth 8-5546] ROM "SCR_DATA_SEL" won't be mapped to RAM because it is too sparse
INFO: [Synth 8-5546] ROM "FLG_C_SET" won't be mapped to RAM because it is too sparse
INFO: [Synth 8-5546] ROM "FLG_C_CLR" won't be mapped to RAM because it is too sparse
INFO: [Synth 8-5546] ROM "FLG_LD_SEL" won't be mapped to RAM because it is too sparse
INFO: [Synth 8-5546] ROM "IO_STRB" won't be mapped to RAM because it is too sparse
INFO: [Synth 8-5544] ROM "MMSD_OUT" won't be mapped to Block RAM because address size (4) smaller than threshold (5)
INFO: [Synth 8-5545] ROM "tmp_clk" won't be mapped to RAM because address size (32) is larger than maximum supported(25)
INFO: [Synth 8-5545] ROM "div_cnt" won't be mapped to RAM because address size (32) is larger than maximum supported(25)
INFO: [Synth 8-802] inferred FSM for state register 'PS_reg' in module 'db_1shot_FSM'
INFO: [Synth 8-5544] ROM "NS" won't be mapped to Block RAM because address size (1) smaller than threshold (5)
INFO: [Synth 8-5544] ROM "NS" won't be mapped to Block RAM because address size (1) smaller than threshold (5)
INFO: [Synth 8-5544] ROM "NS" won't be mapped to Block RAM because address size (1) smaller than threshold (5)
INFO: [Synth 8-5544] ROM "NS" won't be mapped to Block RAM because address size (1) smaller than threshold (5)
INFO: [Synth 8-5544] ROM "NS" won't be mapped to Block RAM because address size (1) smaller than threshold (5)
INFO: [Synth 8-5546] ROM "r_LEDS" won't be mapped to RAM because it is too sparse
---------------------------------------------------------------------------------------------------
                   State |                     New Encoding |                Previous Encoding 
---------------------------------------------------------------------------------------------------
                 st_init |                           000001 |                              000
                st_a_low |                           000010 |                              001
        st_a_low_to_high |                           000100 |                              010
               st_a_high |                           001000 |                              011
        st_a_high_to_low |                           010000 |                              100
             st_one_shot |                           100000 |                              101
---------------------------------------------------------------------------------------------------
INFO: [Synth 8-3354] encoded FSM with state register 'PS_reg' using encoding 'one-hot' in module 'db_1shot_FSM'
---------------------------------------------------------------------------------
Finished RTL Optimization Phase 2 : Time (s): cpu = 00:00:13 ; elapsed = 00:00:16 . Memory (MB): peak = 751.250 ; gain = 492.426
---------------------------------------------------------------------------------

Report RTL Partitions: 
+-+--------------+------------+----------+
| |RTL Partition |Replication |Instances |
+-+--------------+------------+----------+
+-+--------------+------------+----------+
---------------------------------------------------------------------------------
Start RTL Component Statistics 
---------------------------------------------------------------------------------
Detailed RTL Component Info : 
+---Adders : 
	   2 Input     32 Bit       Adders := 1     
	   2 Input     10 Bit       Adders := 1     
	   2 Input      9 Bit       Adders := 2     
	   3 Input      9 Bit       Adders := 1     
	   4 Input      9 Bit       Adders := 1     
	   2 Input      8 Bit       Adders := 13    
	   2 Input      4 Bit       Adders := 1     
	   7 Input      4 Bit       Adders := 1     
	   2 Input      3 Bit       Adders := 1     
	   2 Input      2 Bit       Adders := 3     
+---XORs : 
	   2 Input      8 Bit         XORs := 1     
+---Registers : 
	               32 Bit    Registers := 1     
	               10 Bit    Registers := 1     
	                8 Bit    Registers := 4     
	                2 Bit    Registers := 2     
	                1 Bit    Registers := 7     
+---Muxes : 
	   2 Input     32 Bit        Muxes := 1     
	   2 Input     10 Bit        Muxes := 2     
	   4 Input     10 Bit        Muxes := 1     
	   4 Input      8 Bit        Muxes := 2     
	   2 Input      8 Bit        Muxes := 22    
	   6 Input      6 Bit        Muxes := 1     
	   2 Input      6 Bit        Muxes := 7     
	  52 Input      4 Bit        Muxes := 1     
	   2 Input      4 Bit        Muxes := 5     
	   5 Input      4 Bit        Muxes := 1     
	   4 Input      4 Bit        Muxes := 1     
	   2 Input      3 Bit        Muxes := 2     
	   2 Input      2 Bit        Muxes := 5     
	  49 Input      2 Bit        Muxes := 1     
	   5 Input      2 Bit        Muxes := 1     
	   4 Input      2 Bit        Muxes := 2     
	  52 Input      2 Bit        Muxes := 2     
	   2 Input      1 Bit        Muxes := 16    
	  52 Input      1 Bit        Muxes := 12    
	  49 Input      1 Bit        Muxes := 2     
	   4 Input      1 Bit        Muxes := 6     
	  16 Input      1 Bit        Muxes := 1     
	   6 Input      1 Bit        Muxes := 3     
	   3 Input      1 Bit        Muxes := 1     
---------------------------------------------------------------------------------
Finished RTL Component Statistics 
---------------------------------------------------------------------------------
---------------------------------------------------------------------------------
Start RTL Hierarchical Component Statistics 
---------------------------------------------------------------------------------
Hierarchical RTL Component report 
Module RAT_wrapper 
Detailed RTL Component Info : 
+---Registers : 
	                8 Bit    Registers := 2     
	                1 Bit    Registers := 1     
+---Muxes : 
	   2 Input      8 Bit        Muxes := 1     
	   2 Input      1 Bit        Muxes := 1     
	   3 Input      1 Bit        Muxes := 1     
Module Scratch_DIN_MUX 
Detailed RTL Component Info : 
+---Muxes : 
	   2 Input     10 Bit        Muxes := 1     
Module Scratch_ADDR_MUX 
Detailed RTL Component Info : 
+---Muxes : 
	   4 Input      8 Bit        Muxes := 1     
Module Stack_Pointer 
Detailed RTL Component Info : 
+---Adders : 
	   2 Input      8 Bit       Adders := 1     
+---Registers : 
	                8 Bit    Registers := 1     
+---Muxes : 
	   2 Input      8 Bit        Muxes := 1     
	   2 Input      2 Bit        Muxes := 1     
	   2 Input      1 Bit        Muxes := 2     
Module ControlUnit 
Detailed RTL Component Info : 
+---Registers : 
	                2 Bit    Registers := 1     
+---Muxes : 
	  52 Input      4 Bit        Muxes := 1     
	  49 Input      2 Bit        Muxes := 1     
	   5 Input      2 Bit        Muxes := 1     
	   4 Input      2 Bit        Muxes := 1     
	  52 Input      2 Bit        Muxes := 2     
	  52 Input      1 Bit        Muxes := 12    
	  49 Input      1 Bit        Muxes := 2     
	   4 Input      1 Bit        Muxes := 6     
Module PC 
Detailed RTL Component Info : 
+---Adders : 
	   2 Input     10 Bit       Adders := 1     
+---Registers : 
	               10 Bit    Registers := 1     
+---Muxes : 
	   2 Input     10 Bit        Muxes := 1     
	   2 Input      1 Bit        Muxes := 1     
Module MUX24 
Detailed RTL Component Info : 
+---Muxes : 
	   4 Input     10 Bit        Muxes := 1     
Module flags 
Detailed RTL Component Info : 
+---Registers : 
	                1 Bit    Registers := 4     
+---Muxes : 
	   2 Input      1 Bit        Muxes := 2     
Module ALU 
Detailed RTL Component Info : 
+---Adders : 
	   2 Input      9 Bit       Adders := 2     
	   3 Input      9 Bit       Adders := 1     
	   4 Input      9 Bit       Adders := 1     
+---XORs : 
	   2 Input      8 Bit         XORs := 1     
+---Muxes : 
	  16 Input      1 Bit        Muxes := 1     
Module REG_MUX 
Detailed RTL Component Info : 
+---Muxes : 
	   4 Input      8 Bit        Muxes := 1     
Module ALU_MUX 
Detailed RTL Component Info : 
+---Muxes : 
	   2 Input      8 Bit        Muxes := 1     
Module RAT_MCU 
Detailed RTL Component Info : 
+---Adders : 
	   2 Input      8 Bit       Adders := 1     
+---Registers : 
	                1 Bit    Registers := 1     
Module bin2bcdconv 
Detailed RTL Component Info : 
+---Adders : 
	   2 Input      8 Bit       Adders := 10    
	   2 Input      4 Bit       Adders := 1     
	   7 Input      4 Bit       Adders := 1     
	   2 Input      3 Bit       Adders := 1     
	   2 Input      2 Bit       Adders := 2     
+---Muxes : 
	   2 Input      8 Bit        Muxes := 19    
	   2 Input      4 Bit        Muxes := 2     
	   2 Input      3 Bit        Muxes := 2     
	   2 Input      2 Bit        Muxes := 4     
	   4 Input      2 Bit        Muxes := 1     
	   2 Input      1 Bit        Muxes := 7     
Module clk_div 
Detailed RTL Component Info : 
+---Adders : 
	   2 Input     32 Bit       Adders := 1     
+---Registers : 
	               32 Bit    Registers := 1     
	                1 Bit    Registers := 1     
+---Muxes : 
	   2 Input     32 Bit        Muxes := 1     
	   2 Input      1 Bit        Muxes := 1     
Module sseg_dec 
Detailed RTL Component Info : 
+---Adders : 
	   2 Input      2 Bit       Adders := 1     
+---Registers : 
	                2 Bit    Registers := 1     
+---Muxes : 
	   5 Input      4 Bit        Muxes := 1     
	   2 Input      4 Bit        Muxes := 3     
	   4 Input      4 Bit        Muxes := 1     
Module counter 
Detailed RTL Component Info : 
+---Adders : 
	   2 Input      8 Bit       Adders := 1     
+---Registers : 
	                8 Bit    Registers := 1     
Module db_1shot_FSM 
Detailed RTL Component Info : 
+---Muxes : 
	   6 Input      6 Bit        Muxes := 1     
	   2 Input      6 Bit        Muxes := 7     
	   2 Input      1 Bit        Muxes := 2     
	   6 Input      1 Bit        Muxes := 3     
---------------------------------------------------------------------------------
Finished RTL Hierarchical Component Statistics
---------------------------------------------------------------------------------
---------------------------------------------------------------------------------
Start Part Resource Summary
---------------------------------------------------------------------------------
Part Resources:
DSPs: 90 (col length:60)
BRAMs: 100 (col length: RAMB18 60 RAMB36 30)
---------------------------------------------------------------------------------
Finished Part Resource Summary
---------------------------------------------------------------------------------
---------------------------------------------------------------------------------
Start Cross Boundary and Area Optimization
---------------------------------------------------------------------------------
Warning: Parallel synthesis criteria is not met 
INFO: [Synth 8-5546] ROM "CPU/CONTU/PC_MUX_SEL" won't be mapped to RAM because it is too sparse
INFO: [Synth 8-5545] ROM "sseg/my_clk/div_cnt" won't be mapped to RAM because address size (32) is larger than maximum supported(25)
INFO: [Synth 8-5545] ROM "sseg/my_clk/tmp_clk" won't be mapped to RAM because address size (32) is larger than maximum supported(25)
INFO: [Synth 8-5546] ROM "r_LEDS" won't be mapped to RAM because it is too sparse
INFO: [Synth 8-5546] ROM "O190" won't be mapped to RAM because it is too sparse
---------------------------------------------------------------------------------
Finished Cross Boundary and Area Optimization : Time (s): cpu = 00:00:18 ; elapsed = 00:00:22 . Memory (MB): peak = 751.250 ; gain = 492.426
---------------------------------------------------------------------------------
---------------------------------------------------------------------------------
Start ROM, RAM, DSP and Shift Register Reporting
---------------------------------------------------------------------------------

ROM:
+------------+--------------------+---------------+----------------+
|Module Name | RTL Object         | Depth x Width | Implemented As | 
+------------+--------------------+---------------+----------------+
|ControlUnit | RF_WR              | 128x1         | LUT            | 
|ControlUnit | FLG_C_LD           | 128x1         | LUT            | 
|RAT_wrapper | CPU/CONTU/RF_WR    | 128x1         | LUT            | 
|RAT_wrapper | CPU/CONTU/FLG_C_LD | 128x1         | LUT            | 
+------------+--------------------+---------------+----------------+


Distributed RAM: Preliminary Mapping  Report (see note below)
+------------+---------------------+-----------+----------------------+------------------+
|Module Name | RTL Object          | Inference | Size (Depth x Width) | Primitives       | 
+------------+---------------------+-----------+----------------------+------------------+
|RAT_wrapper | CPU/REG/ram_reg     | Implied   | 32 x 8               | RAM32X1D x 8     | 
|RAT_wrapper | CPU/SCR_RAM/ram_reg | Implied   | 256 x 10             | RAM256X1S x 10   | 
+------------+---------------------+-----------+----------------------+------------------+

Note: The table above is a preliminary report that shows the Distributed RAMs at the current stage of the synthesis flow. Some Distributed RAMs may be reimplemented as non Distributed RAM primitives later in the synthesis flow. Multiple instantiated RAMs are reported only once.
---------------------------------------------------------------------------------
Finished ROM, RAM, DSP and Shift Register Reporting
---------------------------------------------------------------------------------

Report RTL Partitions: 
+-+--------------+------------+----------+
| |RTL Partition |Replication |Instances |
+-+--------------+------------+----------+
+-+--------------+------------+----------+
---------------------------------------------------------------------------------
Start Applying XDC Timing Constraints
---------------------------------------------------------------------------------
---------------------------------------------------------------------------------
Finished Applying XDC Timing Constraints : Time (s): cpu = 00:00:26 ; elapsed = 00:00:31 . Memory (MB): peak = 751.250 ; gain = 492.426
---------------------------------------------------------------------------------
---------------------------------------------------------------------------------
Start Timing Optimization
---------------------------------------------------------------------------------
---------------------------------------------------------------------------------
Finished Timing Optimization : Time (s): cpu = 00:00:26 ; elapsed = 00:00:31 . Memory (MB): peak = 764.109 ; gain = 505.285
---------------------------------------------------------------------------------
---------------------------------------------------------------------------------
Start ROM, RAM, DSP and Shift Register Reporting
---------------------------------------------------------------------------------

Distributed RAM: Final Mapping  Report
+------------+---------------------+-----------+----------------------+------------------+
|Module Name | RTL Object          | Inference | Size (Depth x Width) | Primitives       | 
+------------+---------------------+-----------+----------------------+------------------+
|RAT_wrapper | CPU/REG/ram_reg     | Implied   | 32 x 8               | RAM32X1D x 8     | 
|RAT_wrapper | CPU/SCR_RAM/ram_reg | Implied   | 256 x 10             | RAM256X1S x 10   | 
+------------+---------------------+-----------+----------------------+------------------+

---------------------------------------------------------------------------------
Finished ROM, RAM, DSP and Shift Register Reporting
---------------------------------------------------------------------------------

Report RTL Partitions: 
+-+--------------+------------+----------+
| |RTL Partition |Replication |Instances |
+-+--------------+------------+----------+
+-+--------------+------------+----------+
---------------------------------------------------------------------------------
Start Technology Mapping
---------------------------------------------------------------------------------
---------------------------------------------------------------------------------
Finished Technology Mapping : Time (s): cpu = 00:00:26 ; elapsed = 00:00:32 . Memory (MB): peak = 767.773 ; gain = 508.949
---------------------------------------------------------------------------------

Report RTL Partitions: 
+-+--------------+------------+----------+
| |RTL Partition |Replication |Instances |
+-+--------------+------------+----------+
+-+--------------+------------+----------+
---------------------------------------------------------------------------------
Start IO Insertion
---------------------------------------------------------------------------------
---------------------------------------------------------------------------------
Start Flattening Before IO Insertion
---------------------------------------------------------------------------------
---------------------------------------------------------------------------------
Finished Flattening Before IO Insertion
---------------------------------------------------------------------------------
---------------------------------------------------------------------------------
Start Final Netlist Cleanup
---------------------------------------------------------------------------------
---------------------------------------------------------------------------------
Finished Final Netlist Cleanup
---------------------------------------------------------------------------------
---------------------------------------------------------------------------------
Finished IO Insertion : Time (s): cpu = 00:00:27 ; elapsed = 00:00:33 . Memory (MB): peak = 767.773 ; gain = 508.949
---------------------------------------------------------------------------------

Report Check Netlist: 
+------+------------------+-------+---------+-------+------------------+
|      |Item              |Errors |Warnings |Status |Description       |
+------+------------------+-------+---------+-------+------------------+
|1     |multi_driven_nets |      0|        0|Passed |Multi driven nets |
+------+------------------+-------+---------+-------+------------------+
---------------------------------------------------------------------------------
Start Renaming Generated Instances
---------------------------------------------------------------------------------
---------------------------------------------------------------------------------
Finished Renaming Generated Instances : Time (s): cpu = 00:00:27 ; elapsed = 00:00:33 . Memory (MB): peak = 767.773 ; gain = 508.949
---------------------------------------------------------------------------------

Report RTL Partitions: 
+-+--------------+------------+----------+
| |RTL Partition |Replication |Instances |
+-+--------------+------------+----------+
+-+--------------+------------+----------+
---------------------------------------------------------------------------------
Start Rebuilding User Hierarchy
---------------------------------------------------------------------------------
---------------------------------------------------------------------------------
Finished Rebuilding User Hierarchy : Time (s): cpu = 00:00:27 ; elapsed = 00:00:33 . Memory (MB): peak = 767.773 ; gain = 508.949
---------------------------------------------------------------------------------
---------------------------------------------------------------------------------
Start Renaming Generated Ports
---------------------------------------------------------------------------------
---------------------------------------------------------------------------------
Finished Renaming Generated Ports : Time (s): cpu = 00:00:27 ; elapsed = 00:00:33 . Memory (MB): peak = 767.773 ; gain = 508.949
---------------------------------------------------------------------------------
---------------------------------------------------------------------------------
Start Handling Custom Attributes
---------------------------------------------------------------------------------
---------------------------------------------------------------------------------
Finished Handling Custom Attributes : Time (s): cpu = 00:00:27 ; elapsed = 00:00:33 . Memory (MB): peak = 767.773 ; gain = 508.949
---------------------------------------------------------------------------------
---------------------------------------------------------------------------------
Start Renaming Generated Nets
---------------------------------------------------------------------------------
---------------------------------------------------------------------------------
Finished Renaming Generated Nets : Time (s): cpu = 00:00:27 ; elapsed = 00:00:33 . Memory (MB): peak = 767.773 ; gain = 508.949
---------------------------------------------------------------------------------
---------------------------------------------------------------------------------
Start Writing Synthesis Report
---------------------------------------------------------------------------------

Report BlackBoxes: 
+-+--------------+----------+
| |BlackBox name |Instances |
+-+--------------+----------+
+-+--------------+----------+

Report Cell Usage: 
+------+-----------+------+
|      |Cell       |Count |
+------+-----------+------+
|1     |BUFG       |     2|
|2     |CARRY4     |    19|
|3     |LUT1       |     5|
|4     |LUT2       |    39|
|5     |LUT3       |    40|
|6     |LUT4       |    59|
|7     |LUT5       |    53|
|8     |LUT6       |   134|
|9     |MUXF7      |    19|
|10    |MUXF8      |     4|
|11    |RAM256X1S  |    10|
|12    |RAM32X1D   |     8|
|13    |RAMB16_S18 |     1|
|14    |FDRE       |    91|
|15    |IBUF       |    11|
|16    |OBUF       |    20|
+------+-----------+------+

Report Instance Areas: 
+------+-------------------+--------------+------+
|      |Instance           |Module        |Cells |
+------+-------------------+--------------+------+
|1     |top                |              |   515|
|2     |  CPU              |RAT_MCU       |   312|
|3     |    ALOU           |ALU           |    24|
|4     |    CONTU          |ControlUnit   |    25|
|5     |    FLAG           |flags         |    15|
|6     |    PROGC          |PC_and_MUX    |    28|
|7     |      pc1          |PC            |    28|
|8     |    PROGR          |prog_rom      |   142|
|9     |    REG            |Register_File |    44|
|10    |    SCR_RAM        |Scratch_RAM   |    10|
|11    |    STK_POINTER    |Stack_Pointer |    23|
|12    |  db               |db_1shot_FSM  |    43|
|13    |    bounce_counter |counter       |    36|
|14    |  sseg             |sseg_dec      |    70|
|15    |    my_clk         |clk_div       |    52|
+------+-------------------+--------------+------+
---------------------------------------------------------------------------------
Finished Writing Synthesis Report : Time (s): cpu = 00:00:27 ; elapsed = 00:00:33 . Memory (MB): peak = 767.773 ; gain = 508.949
---------------------------------------------------------------------------------
Synthesis finished with 0 errors, 0 critical warnings and 0 warnings.
Synthesis Optimization Runtime : Time (s): cpu = 00:00:18 ; elapsed = 00:00:25 . Memory (MB): peak = 767.773 ; gain = 171.398
Synthesis Optimization Complete : Time (s): cpu = 00:00:28 ; elapsed = 00:00:33 . Memory (MB): peak = 767.773 ; gain = 508.949
INFO: [Project 1-571] Translating synthesized netlist
INFO: [Netlist 29-17] Analyzing 72 Unisim elements for replacement
INFO: [Netlist 29-28] Unisim Transformation completed in 0 CPU seconds
INFO: [Project 1-570] Preparing netlist for logic optimization
INFO: [Opt 31-138] Pushed 0 inverter(s) to 0 load pin(s).
INFO: [Project 1-111] Unisim Transformation Summary:
  A total of 19 instances were transformed.
  RAM256X1S => RAM256X1S (MUXF7, MUXF7, MUXF8, RAMS64E, RAMS64E, RAMS64E, RAMS64E): 10 instances
  RAM32X1D => RAM32X1D (RAMD32, RAMD32): 8 instances
  RAMB16_S18 => RAMB18E1: 1 instances

INFO: [Common 17-83] Releasing license: Synthesis
116 Infos, 0 Warnings, 0 Critical Warnings and 0 Errors encountered.
synth_design completed successfully
synth_design: Time (s): cpu = 00:00:30 ; elapsed = 00:00:35 . Memory (MB): peak = 767.773 ; gain = 521.582
WARNING: [Constraints 18-5210] No constraint will be written out.
INFO: [Common 17-1381] The checkpoint 'C:/Users/cfro/Documents/CPE_233/RAT_8/RAT_8.runs/synth_1/RAT_wrapper.dcp' has been generated.
INFO: [runtcl-4] Executing : report_utilization -file RAT_wrapper_utilization_synth.rpt -pb RAT_wrapper_utilization_synth.pb
report_utilization: Time (s): cpu = 00:00:00 ; elapsed = 00:00:00.032 . Memory (MB): peak = 767.773 ; gain = 0.000
INFO: [Common 17-206] Exiting Vivado at Fri Nov 16 19:27:48 2018...
