#-----------------------------------------------------------
# Vivado v2017.4 (64-bit)
# SW Build 2086221 on Fri Dec 15 20:55:39 MST 2017
# IP Build 2085800 on Fri Dec 15 22:25:07 MST 2017
# Start of session at: Mon Nov 26 18:18:14 2018
# Process ID: 2580
# Current directory: F:/Documents/cpe233/finalproject/RAT_8
# Command line: vivado.exe -gui_launcher_event rodinguilauncherevent2808 F:\Documents\cpe233\finalproject\RAT_8\RAT_8.xpr
# Log file: F:/Documents/cpe233/finalproject/RAT_8/vivado.log
# Journal file: F:/Documents/cpe233/finalproject/RAT_8\vivado.jou
#-----------------------------------------------------------
start_gui
open_project F:/Documents/cpe233/finalproject/RAT_8/RAT_8.xpr
INFO: [Project 1-313] Project file moved from 'C:/Users/cfro/Documents/CPE_233/RAT_8' since last save.
CRITICAL WARNING: [Project 1-311] Could not find the file 'F:/Documents/cpe233/finalproject/flags.vhd', nor could it be found using path 'C:/Users/cfro/Documents/CPE_233/flags.vhd'.
CRITICAL WARNING: [Project 1-311] Could not find the file 'F:/Documents/cpe233/finalproject/prog_rom.vhd', nor could it be found using path 'C:/Users/cfro/Documents/CPE_233/prog_rom.vhd'.
CRITICAL WARNING: [Project 1-311] Could not find the file 'F:/Documents/ALU_SIM.vhd', nor could it be found using path 'C:/Users/cfro/ALU_SIM.vhd'.
Scanning sources...
Finished scanning sources
CRITICAL WARNING: [Project 1-505] Unrecognized Option Name MEMEnableMemoryMapGeneration
WARNING: [Project 1-231] Project 'RAT_8.xpr' was created with a future version and may or may not perform reliably with this version of Vivado. It has been opened in read-only mode for the protection of unrecognized data. Use 'File | Save Project As...' if you wish to alter a copy of the project.
INFO: [IP_Flow 19-234] Refreshing IP repositories
INFO: [IP_Flow 19-1704] No user IP repositories specified
INFO: [IP_Flow 19-2313] Loaded Vivado IP repository 'C:/Xilinx/Vivado/2017.4/data/ip'.
update_compile_order -fileset sources_1
exit
INFO: [Common 17-206] Exiting Vivado at Mon Nov 26 18:18:53 2018...
